This file contains any messages produced by compilers while
running configure, to aid debugging if configure makes a mistake.

It was created by dyngb configure 2.0, which was
generated by GNU Autoconf 2.69.  Invocation command line was

  $ ../configure CPPFLAGS=-DDEBUG CXXFLAGS=-O0 -g

## --------- ##
## Platform. ##
## --------- ##

hostname = gabriel
uname -m = x86_64
uname -r = 4.11.5-200.fc25.x86_64
uname -s = Linux
uname -v = #1 SMP Wed Jun 14 17:17:29 UTC 2017

/usr/bin/uname -p = x86_64
/bin/uname -X     = unknown

/bin/arch              = x86_64
/usr/bin/arch -k       = unknown
/usr/convex/getsysinfo = unknown
/usr/bin/hostinfo      = unknown
/bin/machine           = unknown
/usr/bin/oslevel       = unknown
/bin/universe          = unknown

PATH: /usr/local/bin
PATH: /usr/bin
PATH: /bin
PATH: /usr/local/sbin
PATH: /usr/sbin
PATH: /home/cantanima/.local/bin
PATH: /home/cantanima/bin


## ----------- ##
## Core tests. ##
## ----------- ##

configure:1926: checking for a BSD-compatible install
configure:1994: result: /usr/bin/install -c
configure:2005: checking whether build environment is sane
configure:2060: result: yes
configure:2211: checking for a thread-safe mkdir -p
configure:2250: result: /usr/bin/mkdir -p
configure:2257: checking for gawk
configure:2273: found /usr/bin/gawk
configure:2284: result: gawk
configure:2295: checking whether make sets $(MAKE)
configure:2317: result: yes
configure:2346: checking whether make supports nested variables
configure:2363: result: yes
configure:2537: checking for gcc
configure:2553: found /usr/bin/gcc
configure:2564: result: gcc
configure:2793: checking for C compiler version
configure:2802: gcc --version >&5
gcc (GCC) 6.3.1 20161221 (Red Hat 6.3.1-1)
Copyright (C) 2016 Free Software Foundation, Inc.
This is free software; see the source for copying conditions.  There is NO
warranty; not even for MERCHANTABILITY or FITNESS FOR A PARTICULAR PURPOSE.

configure:2813: $? = 0
configure:2802: gcc -v >&5
Using built-in specs.
COLLECT_GCC=gcc
COLLECT_LTO_WRAPPER=/usr/libexec/gcc/x86_64-redhat-linux/6.3.1/lto-wrapper
Target: x86_64-redhat-linux
Configured with: ../configure --enable-bootstrap --enable-languages=c,c++,objc,obj-c++,fortran,ada,go,lto --prefix=/usr --mandir=/usr/share/man --infodir=/usr/share/info --with-bugurl=http://bugzilla.redhat.com/bugzilla --enable-shared --enable-threads=posix --enable-checking=release --enable-multilib --with-system-zlib --enable-__cxa_atexit --disable-libunwind-exceptions --enable-gnu-unique-object --enable-linker-build-id --with-linker-hash-style=gnu --enable-plugin --enable-initfini-array --disable-libgcj --with-isl --enable-libmpx --enable-gnu-indirect-function --with-tune=generic --with-arch_32=i686 --build=x86_64-redhat-linux
Thread model: posix
gcc version 6.3.1 20161221 (Red Hat 6.3.1-1) (GCC) 
configure:2813: $? = 0
configure:2802: gcc -V >&5
gcc: error: unrecognized command line option '-V'
gcc: fatal error: no input files
compilation terminated.
configure:2813: $? = 1
configure:2802: gcc -qversion >&5
gcc: error: unrecognized command line option '-qversion'; did you mean '--version'?
gcc: fatal error: no input files
compilation terminated.
configure:2813: $? = 1
configure:2833: checking whether the C compiler works
configure:2855: gcc  -DDEBUG  conftest.c  >&5
configure:2859: $? = 0
configure:2907: result: yes
configure:2910: checking for C compiler default output file name
configure:2912: result: a.out
configure:2918: checking for suffix of executables
configure:2925: gcc -o conftest  -DDEBUG  conftest.c  >&5
configure:2929: $? = 0
configure:2951: result: 
configure:2973: checking whether we are cross compiling
configure:2981: gcc -o conftest  -DDEBUG  conftest.c  >&5
configure:2985: $? = 0
configure:2992: ./conftest
configure:2996: $? = 0
configure:3011: result: no
configure:3016: checking for suffix of object files
configure:3038: gcc -c  -DDEBUG conftest.c >&5
configure:3042: $? = 0
configure:3063: result: o
configure:3067: checking whether we are using the GNU C compiler
configure:3086: gcc -c  -DDEBUG conftest.c >&5
configure:3086: $? = 0
configure:3095: result: yes
configure:3104: checking whether gcc accepts -g
configure:3124: gcc -c -g -DDEBUG conftest.c >&5
configure:3124: $? = 0
configure:3165: result: yes
configure:3182: checking for gcc option to accept ISO C89
configure:3245: gcc  -c -g -O2 -DDEBUG conftest.c >&5
configure:3245: $? = 0
configure:3258: result: none needed
configure:3283: checking whether gcc understands -c and -o together
configure:3305: gcc -c conftest.c -o conftest2.o
configure:3308: $? = 0
configure:3305: gcc -c conftest.c -o conftest2.o
configure:3308: $? = 0
configure:3320: result: yes
configure:3348: checking for style of include used by make
configure:3376: result: GNU
configure:3402: checking dependency style of gcc
configure:3513: result: gcc3
configure:3590: checking for g++
configure:3606: found /usr/bin/g++
configure:3617: result: g++
configure:3644: checking for C++ compiler version
configure:3653: g++ --version >&5
g++ (GCC) 6.3.1 20161221 (Red Hat 6.3.1-1)
Copyright (C) 2016 Free Software Foundation, Inc.
This is free software; see the source for copying conditions.  There is NO
warranty; not even for MERCHANTABILITY or FITNESS FOR A PARTICULAR PURPOSE.

configure:3664: $? = 0
configure:3653: g++ -v >&5
Using built-in specs.
COLLECT_GCC=g++
COLLECT_LTO_WRAPPER=/usr/libexec/gcc/x86_64-redhat-linux/6.3.1/lto-wrapper
Target: x86_64-redhat-linux
Configured with: ../configure --enable-bootstrap --enable-languages=c,c++,objc,obj-c++,fortran,ada,go,lto --prefix=/usr --mandir=/usr/share/man --infodir=/usr/share/info --with-bugurl=http://bugzilla.redhat.com/bugzilla --enable-shared --enable-threads=posix --enable-checking=release --enable-multilib --with-system-zlib --enable-__cxa_atexit --disable-libunwind-exceptions --enable-gnu-unique-object --enable-linker-build-id --with-linker-hash-style=gnu --enable-plugin --enable-initfini-array --disable-libgcj --with-isl --enable-libmpx --enable-gnu-indirect-function --with-tune=generic --with-arch_32=i686 --build=x86_64-redhat-linux
Thread model: posix
gcc version 6.3.1 20161221 (Red Hat 6.3.1-1) (GCC) 
configure:3664: $? = 0
configure:3653: g++ -V >&5
g++: error: unrecognized command line option '-V'
g++: fatal error: no input files
compilation terminated.
configure:3664: $? = 1
configure:3653: g++ -qversion >&5
g++: error: unrecognized command line option '-qversion'; did you mean '--version'?
g++: fatal error: no input files
compilation terminated.
configure:3664: $? = 1
configure:3668: checking whether we are using the GNU C++ compiler
configure:3687: g++ -c -O0 -g -DDEBUG conftest.cpp >&5
configure:3687: $? = 0
configure:3696: result: yes
configure:3705: checking whether g++ accepts -g
configure:3725: g++ -c -g -DDEBUG conftest.cpp >&5
configure:3725: $? = 0
configure:3766: result: yes
configure:3791: checking dependency style of g++
configure:3902: result: gcc3
configure:3929: checking for glp_create_prob in -lglpk
configure:3954: g++ -o conftest -O0 -g -DDEBUG  conftest.cpp -lglpk   >&5
configure:3954: $? = 0
configure:3963: result: yes
configure:3976: checking Checking for PPL
configure:3991: g++ -o conftest -O0 -g -DDEBUG  conftest.cpp -lglpk  -lppl -lppl >&5
configure:3991: $? = 0
configure:4002: result: yes
configure:4006: checking Checking for GMP
configure:4021: g++ -o conftest -O0 -g -DDEBUG  conftest.cpp -lglpk  -lppl -lgmpxx -lgmp >&5
configure:4021: $? = 0
configure:4032: result: yes
configure:4151: checking that generated files are newer than configure
configure:4157: result: done
configure:4184: creating ./config.status

## ---------------------- ##
## Running config.status. ##
## ---------------------- ##

This file was extended by dyngb config.status 2.0, which was
generated by GNU Autoconf 2.69.  Invocation command line was

  CONFIG_FILES    = 
  CONFIG_HEADERS  = 
  CONFIG_LINKS    = 
  CONFIG_COMMANDS = 
  $ ./config.status 

on gabriel

config.status:846: creating Makefile
config.status:846: creating config.h
config.status:1060: executing depfiles commands

## ---------------- ##
## Cache variables. ##
## ---------------- ##

ac_cv_c_compiler_gnu=yes
ac_cv_cxx_compiler_gnu=yes
ac_cv_env_CCC_set=
ac_cv_env_CCC_value=
ac_cv_env_CC_set=
ac_cv_env_CC_value=
ac_cv_env_CFLAGS_set=
ac_cv_env_CFLAGS_value=
ac_cv_env_CPPFLAGS_set=set
ac_cv_env_CPPFLAGS_value=-DDEBUG
ac_cv_env_CXXFLAGS_set=set
ac_cv_env_CXXFLAGS_value='-O0 -g'
ac_cv_env_CXX_set=
ac_cv_env_CXX_value=
ac_cv_env_LDFLAGS_set=
ac_cv_env_LDFLAGS_value=
ac_cv_env_LIBS_set=
ac_cv_env_LIBS_value=
ac_cv_env_build_alias_set=
ac_cv_env_build_alias_value=
ac_cv_env_host_alias_set=
ac_cv_env_host_alias_value=
ac_cv_env_target_alias_set=
ac_cv_env_target_alias_value=
ac_cv_lib_glpk_glp_create_prob=yes
ac_cv_objext=o
ac_cv_path_install='/usr/bin/install -c'
ac_cv_path_mkdir=/usr/bin/mkdir
ac_cv_prog_AWK=gawk
ac_cv_prog_ac_ct_CC=gcc
ac_cv_prog_ac_ct_CXX=g++
ac_cv_prog_cc_c89=
ac_cv_prog_cc_g=yes
ac_cv_prog_cxx_g=yes
ac_cv_prog_make_make_set=yes
am_cv_CC_dependencies_compiler_type=gcc3
am_cv_CXX_dependencies_compiler_type=gcc3
am_cv_make_support_nested_variables=yes
am_cv_prog_cc_c_o=yes

## ----------------- ##
## Output variables. ##
## ----------------- ##

ACLOCAL='${SHELL} /home/cantanima/common/c++/gbproject/missing aclocal-1.15'
AMDEPBACKSLASH='\'
AMDEP_FALSE='#'
AMDEP_TRUE=''
AMTAR='$${TAR-tar}'
AM_BACKSLASH='\'
AM_DEFAULT_V='$(AM_DEFAULT_VERBOSITY)'
AM_DEFAULT_VERBOSITY='1'
AM_V='$(V)'
AUTOCONF='${SHELL} /home/cantanima/common/c++/gbproject/missing autoconf'
AUTOHEADER='${SHELL} /home/cantanima/common/c++/gbproject/missing autoheader'
AUTOMAKE='${SHELL} /home/cantanima/common/c++/gbproject/missing automake-1.15'
AWK='gawk'
CC='gcc'
CCDEPMODE='depmode=gcc3'
CFLAGS='-g -O2'
CPPFLAGS='-DDEBUG'
CXX='g++'
CXXDEPMODE='depmode=gcc3'
CXXFLAGS='-O0 -g'
CYGPATH_W='echo'
DEFS='-DHAVE_CONFIG_H'
DEPDIR='.deps'
ECHO_C=''
ECHO_N='-n'
ECHO_T=''
EXEEXT=''
INSTALL_DATA='${INSTALL} -m 644'
INSTALL_PROGRAM='${INSTALL}'
INSTALL_SCRIPT='${INSTALL}'
INSTALL_STRIP_PROGRAM='$(install_sh) -c -s'
LDFLAGS=''
LIBOBJS=''
LIBS='-lglpk  -lppl'
LTLIBOBJS=''
MAKEINFO='${SHELL} /home/cantanima/common/c++/gbproject/missing makeinfo'
MKDIR_P='/usr/bin/mkdir -p'
OBJEXT='o'
PACKAGE='dyngb'
PACKAGE_BUGREPORT='john.perry@usm.edu'
PACKAGE_NAME='dyngb'
PACKAGE_STRING='dyngb 2.0'
PACKAGE_TARNAME='dyngb'
PACKAGE_URL=''
PACKAGE_VERSION='2.0'
PATH_SEPARATOR=':'
SET_MAKE=''
SHELL='/bin/sh'
STRIP=''
VERSION='2.0'
ac_ct_CC='gcc'
ac_ct_CXX='g++'
am__EXEEXT_FALSE=''
am__EXEEXT_TRUE='#'
am__fastdepCC_FALSE='#'
am__fastdepCC_TRUE=''
am__fastdepCXX_FALSE='#'
am__fastdepCXX_TRUE=''
am__include='include'
am__isrc=' -I$(srcdir)'
am__leading_dot='.'
am__nodep='_no'
am__quote=''
am__tar='$${TAR-tar} chof - "$$tardir"'
am__untar='$${TAR-tar} xf -'
bindir='${exec_prefix}/bin'
build_alias=''
datadir='${datarootdir}'
datarootdir='${prefix}/share'
docdir='${datarootdir}/doc/${PACKAGE_TARNAME}'
dvidir='${docdir}'
exec_prefix='${prefix}'
host_alias=''
htmldir='${docdir}'
includedir='${prefix}/include'
infodir='${datarootdir}/info'
install_sh='${SHELL} /home/cantanima/common/c++/gbproject/install-sh'
libdir='${exec_prefix}/lib'
libexecdir='${exec_prefix}/libexec'
localedir='${datarootdir}/locale'
localstatedir='${prefix}/var'
mandir='${datarootdir}/man'
mkdir_p='$(MKDIR_P)'
oldincludedir='/usr/include'
pdfdir='${docdir}'
prefix='/usr/local'
program_transform_name='s,x,x,'
psdir='${docdir}'
sbindir='${exec_prefix}/sbin'
sharedstatedir='${prefix}/com'
sysconfdir='${prefix}/etc'
target_alias=''

## ----------- ##
## confdefs.h. ##
## ----------- ##

/* confdefs.h */
#define PACKAGE_NAME "dyngb"
#define PACKAGE_TARNAME "dyngb"
#define PACKAGE_VERSION "2.0"
#define PACKAGE_STRING "dyngb 2.0"
#define PACKAGE_BUGREPORT "john.perry@usm.edu"
#define PACKAGE_URL ""
#define PACKAGE "dyngb"
#define VERSION "2.0"
#define HAVE_LIBGLPK 1

configure: exit 0

## ---------------------- ##
## Running config.status. ##
## ---------------------- ##

This file was extended by dyngb config.status 2.0, which was
generated by GNU Autoconf 2.69.  Invocation command line was

  CONFIG_FILES    = 
  CONFIG_HEADERS  = 
  CONFIG_LINKS    = 
  CONFIG_COMMANDS = 
  $ ./config.status config.h

on gabriel

config.status:846: creating config.h
config.status:1012: config.h is unchanged
